  main.cpp
  Generating code
LINK : fatal error C1001: An internal error has occurred in the compiler.
  (compiler file 'f:\dd\vctools\compiler\utc\src\p2\main.c', line 258)
   To work around this problem, try simplifying or changing the program near the locations listed above.
  Please choose the Technical Support command on the Visual C++ 
   Help menu, or open the Technical Support help file for more information
    link!InvokeCompilerPass()+0x1f204
    link!InvokeCompilerPass()+0x1f204
    link!InvokeCompilerPass()+0x1ec1e
    link!DllGetC2Telemetry()+0xd853a
  
LINK : fatal error C1001: An internal error has occurred in the compiler.
  (compiler file 'f:\dd\vctools\compiler\utc\src\p2\main.c', line 258)
   To work around this problem, try simplifying or changing the program near the locations listed above.
  Please choose the Technical Support command on the Visual C++ 
   Help menu, or open the Technical Support help file for more information
    link!InvokeCompilerPass()+0x1f204
    link!InvokeCompilerPass()+0x1ec1e
    link!DllGetC2Telemetry()+0xd853a
  
  
LINK : fatal error LNK1000: Internal error during IMAGE::BuildImage
  
    Version 14.12.25835.0
  
    ExceptionCode            = C0000005
    ExceptionFlags           = 00000000
    ExceptionAddress         = 061DC072 (05DA0000) "C:\Program Files (x86)\Microsoft Visual Studio\2017\Community\VC\Tools\MSVC\14.12.25827\bin\HostX86\x64\c2.dll"
    NumberParameters         = 00000002
    ExceptionInformation[ 0] = 00000000
    ExceptionInformation[ 1] = 0AF1B878
  
  CONTEXT:
    Eax    = 0AF1B878  Esp    = 008FE8F8
    Ebx    = 00ED013C  Ebp    = 008FE928
    Ecx    = 00000005  Esi    = 0AF1B878
    Edx    = 0901B02C  Edi    = 008FE908
    Eip    = 061DC072  EFlags = 00010206
    SegCs  = 00000023  SegDs  = 0000002B
    SegSs  = 0000002B  SegEs  = 0000002B
    SegFs  = 00000053  SegGs  = 0000002B
    Dr0    = 00000000  Dr3    = 00000000
    Dr1    = 00000000  Dr6    = 00000000
    Dr2    = 00000000  Dr7    = 00000000
